0 info it worked if it ends with ok
1 verbose cli [ 'c:\\Program Files\\nodejs\\node.exe',
1 verbose cli   'c:\\Program Files\\nodejs\\node_modules\\npm\\bin\\npm-cli.js',
1 verbose cli   'install',
1 verbose cli   '-S',
1 verbose cli   'node-easel' ]
2 info using npm@2.11.2
3 info using node@v0.12.5
4 verbose install initial load of c:\Users\MES\gitprojects\Fishies\package.json
5 warn package.json fish-tank@1.0.0 No description
6 verbose installManyTop reading scoped package data from c:\Users\MES\gitprojects\Fishies\node_modules\babelify\package.json
7 verbose installManyTop reading scoped package data from c:\Users\MES\gitprojects\Fishies\node_modules\browser-sync\package.json
8 verbose installManyTop reading scoped package data from c:\Users\MES\gitprojects\Fishies\node_modules\browserify\package.json
9 verbose installManyTop reading scoped package data from c:\Users\MES\gitprojects\Fishies\node_modules\gulp\package.json
10 verbose installManyTop reading scoped package data from c:\Users\MES\gitprojects\Fishies\node_modules\gulp-clean\package.json
11 verbose installManyTop reading scoped package data from c:\Users\MES\gitprojects\Fishies\node_modules\jquery\package.json
12 verbose installManyTop reading scoped package data from c:\Users\MES\gitprojects\Fishies\node_modules\lodash\package.json
13 verbose installManyTop reading scoped package data from c:\Users\MES\gitprojects\Fishies\node_modules\vinyl-buffer\package.json
14 verbose installManyTop reading scoped package data from c:\Users\MES\gitprojects\Fishies\node_modules\vinyl-source-stream\package.json
15 info package.json jquery@2.1.4 No license field.
16 info package.json gulp-clean@0.3.1 No license field.
17 verbose readDependencies loading dependencies from c:\Users\MES\gitprojects\Fishies\package.json
18 silly cache add args [ 'node-easel', null ]
19 verbose cache add spec node-easel
20 silly cache add parsed spec { raw: 'node-easel',
20 silly cache add   scope: null,
20 silly cache add   name: 'node-easel',
20 silly cache add   rawSpec: '',
20 silly cache add   spec: '*',
20 silly cache add   type: 'range' }
21 silly addNamed node-easel@*
22 verbose addNamed "*" is a valid semver range for node-easel
23 silly addNameRange { name: 'node-easel', range: '*', hasData: false }
24 silly mapToRegistry name node-easel
25 silly mapToRegistry using default registry
26 silly mapToRegistry registry https://registry.npmjs.org/
27 silly mapToRegistry uri https://registry.npmjs.org/node-easel
28 verbose addNameRange registry:https://registry.npmjs.org/node-easel not in flight; fetching
29 verbose request uri https://registry.npmjs.org/node-easel
30 verbose request no auth needed
31 info attempt registry request try #1 at 1:23:33 PM
32 verbose request id bc28f0097ce3e609
33 verbose etag "59UICKSTDD8ZYFAVTR07AP8S6"
34 http request GET https://registry.npmjs.org/node-easel
35 http 304 https://registry.npmjs.org/node-easel
36 silly get cb [ 304,
36 silly get   { date: 'Tue, 30 Jun 2015 20:23:35 GMT',
36 silly get     via: '1.1 varnish',
36 silly get     'cache-control': 'max-age=60',
36 silly get     etag: '"59UICKSTDD8ZYFAVTR07AP8S6"',
36 silly get     age: '43',
36 silly get     connection: 'keep-alive',
36 silly get     'x-served-by': 'cache-sjc3129-SJC',
36 silly get     'x-cache': 'HIT',
36 silly get     'x-cache-hits': '1',
36 silly get     'x-timer': 'S1435695815.891122,VS0,VE0',
36 silly get     vary: 'Accept' } ]
37 verbose etag https://registry.npmjs.org/node-easel from cache
38 verbose get saving node-easel to C:\Users\MES\AppData\Roaming\npm-cache\registry.npmjs.org\node-easel\.cache.json
39 silly addNameRange number 2 { name: 'node-easel', range: '*', hasData: true }
40 silly addNameRange versions [ 'node-easel', [ '0.1.0', '0.1.1', '0.1.2' ] ]
41 silly addNamed node-easel@0.1.2
42 verbose addNamed "0.1.2" is a plain semver version for node-easel
43 silly cache afterAdd node-easel@0.1.2
44 verbose afterAdd C:\Users\MES\AppData\Roaming\npm-cache\node-easel\0.1.2\package\package.json not in flight; writing
45 verbose afterAdd C:\Users\MES\AppData\Roaming\npm-cache\node-easel\0.1.2\package\package.json written
46 silly install resolved [ { name: 'node-easel',
46 silly install resolved     description: 'node wrapper for EaselJS, utilizing node-canvas.',
46 silly install resolved     version: '0.1.2',
46 silly install resolved     author: { name: 'Wes Gorgichuk', email: 'wes@gskinner.com' },
46 silly install resolved     keywords:
46 silly install resolved      [ 'canvas',
46 silly install resolved        'graphic',
46 silly install resolved        'graphics',
46 silly install resolved        'vector',
46 silly install resolved        'image',
46 silly install resolved        'drawing',
46 silly install resolved        'images',
46 silly install resolved        'easel' ],
46 silly install resolved     homepage: 'https://github.com/wdamien/node-easel',
46 silly install resolved     repository: { type: 'git', url: 'git://github.com/wdamien/node-easel.git' },
46 silly install resolved     main: './src/node-easel.js',
46 silly install resolved     dependencies: { canvas: '1.x' },
46 silly install resolved     engines: { node: '>= 0.8.0 && < 1.0.0' },
46 silly install resolved     readme: '# node-easel\n\nnode-easel is a node wrapper for [EaselJS](https://github.com/CreateJS/EaselJS).\nFor use with [NodeJS](http://nodejs.org), built on-top of [node-canvas](https://github.com/LearnBoost/node-canvas)\n\n## Installation\n\n\t$ npm install node-easel\n\n**Note**\nCairo graphics is required to run node-easel && node-canvas.\nRead the install docs at https://github.com/LearnBoost/node-canvas, for full install instructions.\n\n## Examples\n\nTo see a full working demo, checkout the [examples](examples/) folder.\n\n\n## Simple Example\n\nnode-easel is completely polymorphic with EaselJS. A good starting point is to checkout the [EaselJS documentation](http://createjs.com/Docs/EaselJS/).\n\n```javascript\n//Import easel\nrequire(\'node-easel\');\nvar Stage = createjs.Stage;\nvar Shape = createjs.Shape;\nvar Graphics = createjs.Graphics;\n\nvar fs = require(\'fs\');\n\n//Create the canvas to draw to\nvar c = new Canvas(980, 580);\nvar ctx = c.getContext(\'2d\');\n\n//Create graphics object\nvar g = new createjs.Graphics();\nvar shape = new createjs.Shape(g);\n\n//Draw a circle\ng.setStrokeStyle(8)\n.beginStroke("#F0F")\n.beginRadialGradientFill(["#FF0","#00F"],[0,1],100,200,0,100,200,40)\n.drawCircle(100,200,40);\n\n//Add the item to our stage, and call .tick(); to draw the object.\nvar stage = new createjs.Stage(c);\nstage.addChild(shape);\nstage.tick();\n\n//Create a PNG file.\nfs.writeFile(__dirname + \'/public/circle.png\', c.toBuffer(), function() {\n\tcreatejs.Ticker.halt();\n});\n```\n',
46 silly install resolved     readmeFilename: 'README.md',
46 silly install resolved     bugs: { url: 'https://github.com/wdamien/node-easel/issues' },
46 silly install resolved     _id: 'node-easel@0.1.2',
46 silly install resolved     dist:
46 silly install resolved      { shasum: 'c236a1523cc2d6569a3d44b18fe89210158d7431',
46 silly install resolved        tarball: 'http://registry.npmjs.org/node-easel/-/node-easel-0.1.2.tgz' },
46 silly install resolved     _from: 'node-easel@*',
46 silly install resolved     _npmVersion: '1.3.14',
46 silly install resolved     _npmUser: { name: 'wdamien', email: 'wes@gskinner.com' },
46 silly install resolved     maintainers: [ [Object] ],
46 silly install resolved     directories: {},
46 silly install resolved     _shasum: 'c236a1523cc2d6569a3d44b18fe89210158d7431',
46 silly install resolved     _resolved: 'https://registry.npmjs.org/node-easel/-/node-easel-0.1.2.tgz' } ]
47 info install node-easel@0.1.2 into c:\Users\MES\gitprojects\Fishies
48 info installOne node-easel@0.1.2
49 verbose installOne of node-easel to c:\Users\MES\gitprojects\Fishies not in flight; installing
50 verbose lock using C:\Users\MES\AppData\Roaming\npm-cache\_locks\node-easel-fa11b5e16c59b545.lock for c:\Users\MES\gitprojects\Fishies\node_modules\node-easel
51 warn engine node-easel@0.1.2: wanted: {"node":">= 0.8.0 && < 1.0.0"} (current: {"node":"0.12.5","npm":"2.11.2"})
52 silly install write writing node-easel 0.1.2 to c:\Users\MES\gitprojects\Fishies\node_modules\node-easel
53 verbose unbuild node_modules\node-easel
54 silly gentlyRm c:\Users\MES\gitprojects\Fishies\node_modules\node-easel is being purged from base c:\Users\MES\gitprojects\Fishies
55 verbose gentlyRm don't care about contents; nuking c:\Users\MES\gitprojects\Fishies\node_modules\node-easel
56 verbose tar unpack C:\Users\MES\AppData\Roaming\npm-cache\node-easel\0.1.2\package.tgz
57 verbose tar unpacking to c:\Users\MES\gitprojects\Fishies\node_modules\node-easel
58 silly gentlyRm c:\Users\MES\gitprojects\Fishies\node_modules\node-easel is being purged
59 verbose gentlyRm don't care about contents; nuking c:\Users\MES\gitprojects\Fishies\node_modules\node-easel
60 silly gunzTarPerm modes [ '777', '666' ]
61 silly gunzTarPerm extractEntry package.json
62 silly gunzTarPerm modified mode [ 'package.json', 420, 438 ]
63 silly gunzTarPerm extractEntry .npmignore
64 silly gunzTarPerm modified mode [ '.npmignore', 420, 438 ]
65 silly gunzTarPerm extractEntry README.md
66 silly gunzTarPerm modified mode [ 'README.md', 420, 438 ]
67 silly gunzTarPerm extractEntry LICENSE
68 silly gunzTarPerm modified mode [ 'LICENSE', 420, 438 ]
69 silly gunzTarPerm extractEntry stats.js
70 silly gunzTarPerm modified mode [ 'stats.js', 420, 438 ]
71 silly gunzTarPerm extractEntry HISTORY.md
72 silly gunzTarPerm modified mode [ 'HISTORY.md', 420, 438 ]
73 silly gunzTarPerm extractEntry docs/Install node-canvas.md
74 silly gunzTarPerm modified mode [ 'docs/Install node-canvas.md', 420, 438 ]
75 silly gunzTarPerm extractEntry examples/package.json
76 silly gunzTarPerm modified mode [ 'examples/package.json', 420, 438 ]
77 silly gunzTarPerm extractEntry examples/README.md
78 silly gunzTarPerm modified mode [ 'examples/README.md', 420, 438 ]
79 silly gunzTarPerm extractEntry examples/GraphicsTest.js
80 silly gunzTarPerm modified mode [ 'examples/GraphicsTest.js', 420, 438 ]
81 silly gunzTarPerm extractEntry examples/SpriteSheetBuilderTest.js
82 silly gunzTarPerm modified mode [ 'examples/SpriteSheetBuilderTest.js', 420, 438 ]
83 silly gunzTarPerm extractEntry examples/SpritesheetTest.js
84 silly gunzTarPerm modified mode [ 'examples/SpritesheetTest.js', 420, 438 ]
85 silly gunzTarPerm extractEntry examples/captcha.js
86 silly gunzTarPerm modified mode [ 'examples/captcha.js', 420, 438 ]
87 silly gunzTarPerm extractEntry examples/server.js
88 silly gunzTarPerm modified mode [ 'examples/server.js', 420, 438 ]
89 silly gunzTarPerm extractEntry examples/img/daisy.png
90 silly gunzTarPerm modified mode [ 'examples/img/daisy.png', 420, 438 ]
91 silly gunzTarPerm extractEntry examples/img/ground.png
92 silly gunzTarPerm modified mode [ 'examples/img/ground.png', 420, 438 ]
93 silly gunzTarPerm extractEntry examples/img/parallaxHill1.png
94 silly gunzTarPerm modified mode [ 'examples/img/parallaxHill1.png', 420, 438 ]
95 silly gunzTarPerm extractEntry examples/img/parallaxHill2.png
96 silly gunzTarPerm modified mode [ 'examples/img/parallaxHill2.png', 420, 438 ]
97 silly gunzTarPerm extractEntry examples/img/runningGrant.png
98 silly gunzTarPerm modified mode [ 'examples/img/runningGrant.png', 420, 438 ]
99 silly gunzTarPerm extractEntry examples/img/sky.png
100 silly gunzTarPerm modified mode [ 'examples/img/sky.png', 420, 438 ]
101 silly gunzTarPerm extractEntry examples/public/com/gskinner/utils/Rnd.js
102 silly gunzTarPerm modified mode [ 'examples/public/com/gskinner/utils/Rnd.js', 420, 438 ]
103 silly gunzTarPerm extractEntry examples/public/easeljs/version.js
104 silly gunzTarPerm modified mode [ 'examples/public/easeljs/version.js', 493, 511 ]
105 silly gunzTarPerm extractEntry examples/public/easeljs/version_movieclip.js
106 silly gunzTarPerm modified mode [ 'examples/public/easeljs/version_movieclip.js', 420, 438 ]
107 silly gunzTarPerm extractEntry examples/public/easeljs/display/Bitmap.js
108 silly gunzTarPerm modified mode [ 'examples/public/easeljs/display/Bitmap.js', 420, 438 ]
109 silly gunzTarPerm extractEntry examples/public/easeljs/display/Container.js
110 silly gunzTarPerm modified mode [ 'examples/public/easeljs/display/Container.js', 420, 438 ]
111 silly gunzTarPerm extractEntry examples/public/easeljs/display/DOMElement.js
112 silly gunzTarPerm modified mode [ 'examples/public/easeljs/display/DOMElement.js', 420, 438 ]
113 silly gunzTarPerm extractEntry examples/public/easeljs/display/DisplayObject.js
114 silly gunzTarPerm modified mode [ 'examples/public/easeljs/display/DisplayObject.js', 420, 438 ]
115 silly gunzTarPerm extractEntry examples/public/easeljs/display/Graphics.js
116 silly gunzTarPerm modified mode [ 'examples/public/easeljs/display/Graphics.js', 420, 438 ]
117 silly gunzTarPerm extractEntry examples/public/easeljs/display/BitmapAnimation.js
118 silly gunzTarPerm modified mode [ 'examples/public/easeljs/display/BitmapAnimation.js',
118 silly gunzTarPerm   420,
118 silly gunzTarPerm   438 ]
119 silly gunzTarPerm extractEntry examples/public/easeljs/display/Shadow.js
120 silly gunzTarPerm modified mode [ 'examples/public/easeljs/display/Shadow.js', 420, 438 ]
121 silly gunzTarPerm extractEntry examples/public/easeljs/display/Shape.js
122 silly gunzTarPerm modified mode [ 'examples/public/easeljs/display/Shape.js', 420, 438 ]
123 silly gunzTarPerm extractEntry examples/public/easeljs/display/SpriteSheet.js
124 silly gunzTarPerm modified mode [ 'examples/public/easeljs/display/SpriteSheet.js', 420, 438 ]
125 silly gunzTarPerm extractEntry examples/public/easeljs/display/Stage.js
126 silly gunzTarPerm modified mode [ 'examples/public/easeljs/display/Stage.js', 420, 438 ]
127 silly gunzTarPerm extractEntry examples/public/easeljs/display/Text.js
128 silly gunzTarPerm modified mode [ 'examples/public/easeljs/display/Text.js', 420, 438 ]
129 silly gunzTarPerm extractEntry examples/public/easeljs/display/MovieClip.js
130 silly gunzTarPerm modified mode [ 'examples/public/easeljs/display/MovieClip.js', 420, 438 ]
131 silly gunzTarPerm extractEntry examples/public/easeljs/events/EventDispatcher.js
132 silly gunzTarPerm modified mode [ 'examples/public/easeljs/events/EventDispatcher.js', 420, 438 ]
133 silly gunzTarPerm extractEntry examples/public/easeljs/events/MouseEvent.js
134 silly gunzTarPerm modified mode [ 'examples/public/easeljs/events/MouseEvent.js', 420, 438 ]
135 silly gunzTarPerm extractEntry examples/public/easeljs/filters/AlphaMapFilter.js
136 silly gunzTarPerm modified mode [ 'examples/public/easeljs/filters/AlphaMapFilter.js', 420, 438 ]
137 silly gunzTarPerm extractEntry examples/public/easeljs/filters/AlphaMaskFilter.js
138 silly gunzTarPerm modified mode [ 'examples/public/easeljs/filters/AlphaMaskFilter.js',
138 silly gunzTarPerm   420,
138 silly gunzTarPerm   438 ]
139 silly gunzTarPerm extractEntry examples/public/easeljs/filters/BoxBlurFilter.js
140 silly gunzTarPerm modified mode [ 'examples/public/easeljs/filters/BoxBlurFilter.js', 420, 438 ]
141 silly gunzTarPerm extractEntry examples/public/easeljs/filters/ColorFilter.js
142 silly gunzTarPerm modified mode [ 'examples/public/easeljs/filters/ColorFilter.js', 420, 438 ]
143 silly gunzTarPerm extractEntry examples/public/easeljs/filters/ColorMatrix.js
144 silly gunzTarPerm modified mode [ 'examples/public/easeljs/filters/ColorMatrix.js', 420, 438 ]
145 silly gunzTarPerm extractEntry examples/public/easeljs/filters/ColorMatrixFilter.js
146 silly gunzTarPerm modified mode [ 'examples/public/easeljs/filters/ColorMatrixFilter.js',
146 silly gunzTarPerm   420,
146 silly gunzTarPerm   438 ]
147 silly gunzTarPerm extractEntry examples/public/easeljs/filters/Filter.js
148 silly gunzTarPerm modified mode [ 'examples/public/easeljs/filters/Filter.js', 420, 438 ]
149 silly gunzTarPerm extractEntry examples/public/easeljs/geom/Matrix2D.js
150 silly gunzTarPerm modified mode [ 'examples/public/easeljs/geom/Matrix2D.js', 420, 438 ]
151 silly gunzTarPerm extractEntry examples/public/easeljs/geom/Point.js
152 silly gunzTarPerm modified mode [ 'examples/public/easeljs/geom/Point.js', 420, 438 ]
153 silly gunzTarPerm extractEntry examples/public/easeljs/geom/Rectangle.js
154 silly gunzTarPerm modified mode [ 'examples/public/easeljs/geom/Rectangle.js', 420, 438 ]
155 silly gunzTarPerm extractEntry examples/public/easeljs/ui/ButtonHelper.js
156 silly gunzTarPerm modified mode [ 'examples/public/easeljs/ui/ButtonHelper.js', 420, 438 ]
157 silly gunzTarPerm extractEntry examples/public/easeljs/ui/Touch.js
158 silly gunzTarPerm modified mode [ 'examples/public/easeljs/ui/Touch.js', 420, 438 ]
159 silly gunzTarPerm extractEntry examples/public/easeljs/utils/Log.js
160 silly gunzTarPerm modified mode [ 'examples/public/easeljs/utils/Log.js', 420, 438 ]
161 silly gunzTarPerm extractEntry examples/public/easeljs/utils/SpriteSheetBuilder.js
162 silly gunzTarPerm modified mode [ 'examples/public/easeljs/utils/SpriteSheetBuilder.js',
162 silly gunzTarPerm   420,
162 silly gunzTarPerm   438 ]
163 silly gunzTarPerm extractEntry examples/public/easeljs/utils/SpriteSheetUtils.js
164 silly gunzTarPerm modified mode [ 'examples/public/easeljs/utils/SpriteSheetUtils.js', 420, 438 ]
165 silly gunzTarPerm extractEntry examples/public/easeljs/utils/Ticker.js
166 silly gunzTarPerm modified mode [ 'examples/public/easeljs/utils/Ticker.js', 420, 438 ]
167 silly gunzTarPerm extractEntry examples/public/easeljs/utils/UID.js
168 silly gunzTarPerm modified mode [ 'examples/public/easeljs/utils/UID.js', 420, 438 ]
169 silly gunzTarPerm extractEntry examples/public/index.html
170 silly gunzTarPerm modified mode [ 'examples/public/index.html', 420, 438 ]
171 silly gunzTarPerm extractEntry src/node-easel.js
172 silly gunzTarPerm modified mode [ 'src/node-easel.js', 420, 438 ]
173 silly gunzTarPerm extractEntry src/createjs/events/Event.js
174 silly gunzTarPerm modified mode [ 'src/createjs/events/Event.js', 420, 438 ]
175 silly gunzTarPerm extractEntry src/createjs/events/EventDispatcher.js
176 silly gunzTarPerm modified mode [ 'src/createjs/events/EventDispatcher.js', 420, 438 ]
177 silly gunzTarPerm extractEntry src/createjs/utils/IndexOf.js
178 silly gunzTarPerm modified mode [ 'src/createjs/utils/IndexOf.js', 420, 438 ]
179 silly gunzTarPerm extractEntry src/easeljs/version.js
180 silly gunzTarPerm modified mode [ 'src/easeljs/version.js', 493, 511 ]
181 silly gunzTarPerm extractEntry src/easeljs/version_movieclip.js
182 silly gunzTarPerm modified mode [ 'src/easeljs/version_movieclip.js', 420, 438 ]
183 silly gunzTarPerm extractEntry src/easeljs/display/Bitmap.js
184 silly gunzTarPerm modified mode [ 'src/easeljs/display/Bitmap.js', 420, 438 ]
185 silly gunzTarPerm extractEntry src/easeljs/display/Container.js
186 silly gunzTarPerm modified mode [ 'src/easeljs/display/Container.js', 420, 438 ]
187 silly gunzTarPerm extractEntry src/easeljs/display/DisplayObject.js
188 silly gunzTarPerm modified mode [ 'src/easeljs/display/DisplayObject.js', 420, 438 ]
189 silly gunzTarPerm extractEntry src/easeljs/display/Graphics.js
190 silly gunzTarPerm modified mode [ 'src/easeljs/display/Graphics.js', 420, 438 ]
191 silly gunzTarPerm extractEntry src/easeljs/display/BitmapText.js
192 silly gunzTarPerm modified mode [ 'src/easeljs/display/BitmapText.js', 420, 438 ]
193 silly gunzTarPerm extractEntry src/easeljs/display/Shadow.js
194 silly gunzTarPerm modified mode [ 'src/easeljs/display/Shadow.js', 420, 438 ]
195 silly gunzTarPerm extractEntry src/easeljs/display/Shape.js
196 silly gunzTarPerm modified mode [ 'src/easeljs/display/Shape.js', 420, 438 ]
197 silly gunzTarPerm extractEntry src/easeljs/display/Sprite.js
198 silly gunzTarPerm modified mode [ 'src/easeljs/display/Sprite.js', 420, 438 ]
199 silly gunzTarPerm extractEntry src/easeljs/display/SpriteSheet.js
200 silly gunzTarPerm modified mode [ 'src/easeljs/display/SpriteSheet.js', 420, 438 ]
201 silly gunzTarPerm extractEntry src/easeljs/display/Stage.js
202 silly gunzTarPerm modified mode [ 'src/easeljs/display/Stage.js', 420, 438 ]
203 silly gunzTarPerm extractEntry src/easeljs/display/BitmapAnimation.js
204 silly gunzTarPerm modified mode [ 'src/easeljs/display/BitmapAnimation.js', 420, 438 ]
205 silly gunzTarPerm extractEntry src/easeljs/display/Text.js
206 silly gunzTarPerm modified mode [ 'src/easeljs/display/Text.js', 420, 438 ]
207 silly gunzTarPerm extractEntry src/easeljs/display/MovieClip.js
208 silly gunzTarPerm modified mode [ 'src/easeljs/display/MovieClip.js', 420, 438 ]
209 silly gunzTarPerm extractEntry src/easeljs/events/MouseEvent.js
210 silly gunzTarPerm modified mode [ 'src/easeljs/events/MouseEvent.js', 420, 438 ]
211 silly gunzTarPerm extractEntry src/easeljs/filters/AlphaMapFilter.js
212 silly gunzTarPerm modified mode [ 'src/easeljs/filters/AlphaMapFilter.js', 420, 438 ]
213 silly gunzTarPerm extractEntry src/easeljs/filters/AlphaMaskFilter.js
214 silly gunzTarPerm modified mode [ 'src/easeljs/filters/AlphaMaskFilter.js', 420, 438 ]
215 silly gunzTarPerm extractEntry src/easeljs/filters/BlurFilter.js
216 silly gunzTarPerm modified mode [ 'src/easeljs/filters/BlurFilter.js', 420, 438 ]
217 silly gunzTarPerm extractEntry src/easeljs/filters/ColorFilter.js
218 silly gunzTarPerm modified mode [ 'src/easeljs/filters/ColorFilter.js', 420, 438 ]
219 silly gunzTarPerm extractEntry src/easeljs/filters/ColorMatrix.js
220 silly gunzTarPerm modified mode [ 'src/easeljs/filters/ColorMatrix.js', 420, 438 ]
221 silly gunzTarPerm extractEntry src/easeljs/filters/ColorMatrixFilter.js
222 silly gunzTarPerm modified mode [ 'src/easeljs/filters/ColorMatrixFilter.js', 420, 438 ]
223 silly gunzTarPerm extractEntry src/easeljs/filters/Filter.js
224 silly gunzTarPerm modified mode [ 'src/easeljs/filters/Filter.js', 420, 438 ]
225 silly gunzTarPerm extractEntry src/easeljs/geom/Matrix2D.js
226 silly gunzTarPerm modified mode [ 'src/easeljs/geom/Matrix2D.js', 420, 438 ]
227 silly gunzTarPerm extractEntry src/easeljs/geom/Point.js
228 silly gunzTarPerm modified mode [ 'src/easeljs/geom/Point.js', 420, 438 ]
229 silly gunzTarPerm extractEntry src/easeljs/geom/Rectangle.js
230 silly gunzTarPerm modified mode [ 'src/easeljs/geom/Rectangle.js', 420, 438 ]
231 silly gunzTarPerm extractEntry src/easeljs/utils/SpriteSheetBuilder.js
232 silly gunzTarPerm modified mode [ 'src/easeljs/utils/SpriteSheetBuilder.js', 420, 438 ]
233 silly gunzTarPerm extractEntry src/easeljs/utils/SpriteSheetUtils.js
234 silly gunzTarPerm modified mode [ 'src/easeljs/utils/SpriteSheetUtils.js', 420, 438 ]
235 silly gunzTarPerm extractEntry src/easeljs/utils/Ticker.js
236 silly gunzTarPerm modified mode [ 'src/easeljs/utils/Ticker.js', 420, 438 ]
237 silly gunzTarPerm extractEntry src/easeljs/utils/UID.js
238 silly gunzTarPerm modified mode [ 'src/easeljs/utils/UID.js', 420, 438 ]
239 silly gunzTarPerm extractEntry src/tweenjs/CSSPlugin.js
240 silly gunzTarPerm modified mode [ 'src/tweenjs/CSSPlugin.js', 420, 438 ]
241 silly gunzTarPerm extractEntry src/tweenjs/Ease.js
242 silly gunzTarPerm modified mode [ 'src/tweenjs/Ease.js', 420, 438 ]
243 silly gunzTarPerm extractEntry src/tweenjs/MotionGuidePlugin.js
244 silly gunzTarPerm modified mode [ 'src/tweenjs/MotionGuidePlugin.js', 420, 438 ]
245 silly gunzTarPerm extractEntry src/tweenjs/Timeline.js
246 silly gunzTarPerm modified mode [ 'src/tweenjs/Timeline.js', 420, 438 ]
247 silly gunzTarPerm extractEntry src/tweenjs/Tween.js
248 silly gunzTarPerm modified mode [ 'src/tweenjs/Tween.js', 420, 438 ]
249 silly gunzTarPerm extractEntry src/tweenjs/version.js
250 silly gunzTarPerm modified mode [ 'src/tweenjs/version.js', 420, 438 ]
251 verbose write writing to c:\Users\MES\gitprojects\Fishies\node_modules\node-easel\package.json
252 info preinstall node-easel@0.1.2
253 verbose readDependencies loading dependencies from c:\Users\MES\gitprojects\Fishies\node_modules\node-easel\package.json
254 silly prepareForInstallMany adding canvas@1.x from node-easel dependencies
255 verbose readDependencies loading dependencies from c:\Users\MES\gitprojects\Fishies\node_modules\node-easel\package.json
256 silly cache add args [ 'canvas@1.x', null ]
257 verbose cache add spec canvas@1.x
258 silly cache add parsed spec { raw: 'canvas@1.x',
258 silly cache add   scope: null,
258 silly cache add   name: 'canvas',
258 silly cache add   rawSpec: '1.x',
258 silly cache add   spec: '>=1.0.0 <2.0.0',
258 silly cache add   type: 'range' }
259 silly addNamed canvas@>=1.0.0 <2.0.0
260 verbose addNamed ">=1.0.0 <2.0.0" is a valid semver range for canvas
261 silly addNameRange { name: 'canvas', range: '>=1.0.0 <2.0.0', hasData: false }
262 silly mapToRegistry name canvas
263 silly mapToRegistry using default registry
264 silly mapToRegistry registry https://registry.npmjs.org/
265 silly mapToRegistry uri https://registry.npmjs.org/canvas
266 verbose addNameRange registry:https://registry.npmjs.org/canvas not in flight; fetching
267 verbose request uri https://registry.npmjs.org/canvas
268 verbose request no auth needed
269 info attempt registry request try #1 at 1:23:34 PM
270 verbose etag "1E0VM74J09VH1CQCM3TU57NM4"
271 http request GET https://registry.npmjs.org/canvas
272 http 304 https://registry.npmjs.org/canvas
273 silly get cb [ 304,
273 silly get   { date: 'Tue, 30 Jun 2015 20:23:36 GMT',
273 silly get     via: '1.1 varnish',
273 silly get     'cache-control': 'max-age=60',
273 silly get     etag: '"1E0VM74J09VH1CQCM3TU57NM4"',
273 silly get     age: '41',
273 silly get     connection: 'keep-alive',
273 silly get     'x-served-by': 'cache-sjc3135-SJC',
273 silly get     'x-cache': 'HIT',
273 silly get     'x-cache-hits': '1',
273 silly get     'x-timer': 'S1435695816.564568,VS0,VE0',
273 silly get     vary: 'Accept' } ]
274 verbose etag https://registry.npmjs.org/canvas from cache
275 verbose get saving canvas to C:\Users\MES\AppData\Roaming\npm-cache\registry.npmjs.org\canvas\.cache.json
276 silly addNameRange number 2 { name: 'canvas', range: '>=1.0.0 <2.0.0', hasData: true }
277 silly addNameRange versions [ 'canvas',
277 silly addNameRange   [ '0.0.1',
277 silly addNameRange     '0.0.2',
277 silly addNameRange     '0.0.3',
277 silly addNameRange     '0.0.4',
277 silly addNameRange     '0.0.5',
277 silly addNameRange     '0.0.6',
277 silly addNameRange     '0.0.7',
277 silly addNameRange     '0.0.8',
277 silly addNameRange     '0.1.0',
277 silly addNameRange     '0.2.0',
277 silly addNameRange     '0.2.1',
277 silly addNameRange     '0.3.0',
277 silly addNameRange     '0.3.1',
277 silly addNameRange     '0.3.2',
277 silly addNameRange     '0.3.3',
277 silly addNameRange     '0.4.0',
277 silly addNameRange     '0.4.1',
277 silly addNameRange     '0.4.2',
277 silly addNameRange     '0.4.3',
277 silly addNameRange     '0.5.0',
277 silly addNameRange     '0.5.1',
277 silly addNameRange     '0.5.2',
277 silly addNameRange     '0.5.3',
277 silly addNameRange     '0.5.4',
277 silly addNameRange     '0.6.0',
277 silly addNameRange     '0.7.0',
277 silly addNameRange     '0.7.1',
277 silly addNameRange     '0.7.2',
277 silly addNameRange     '0.7.3',
277 silly addNameRange     '0.8.0',
277 silly addNameRange     '0.8.1',
277 silly addNameRange     '0.8.2',
277 silly addNameRange     '0.8.3',
277 silly addNameRange     '0.9.0',
277 silly addNameRange     '0.10.0',
277 silly addNameRange     '0.10.1',
277 silly addNameRange     '0.10.2',
277 silly addNameRange     '0.10.3',
277 silly addNameRange     '0.11.0',
277 silly addNameRange     '0.11.1',
277 silly addNameRange     '0.11.2',
277 silly addNameRange     '0.11.3',
277 silly addNameRange     '0.12.0',
277 silly addNameRange     '0.12.1',
277 silly addNameRange     '0.13.0',
277 silly addNameRange     '0.13.1',
277 silly addNameRange     '1.0.0',
277 silly addNameRange     '1.0.1',
277 silly addNameRange     '1.0.2',
277 silly addNameRange     '1.0.3',
277 silly addNameRange     '1.0.4',
277 silly addNameRange     '1.1.0',
277 silly addNameRange     '1.1.1',
277 silly addNameRange     '1.1.2',
277 silly addNameRange     '1.1.3',
277 silly addNameRange     '1.1.4',
277 silly addNameRange     '1.1.5',
277 silly addNameRange     '1.1.6',
277 silly addNameRange     '1.2.0',
277 silly addNameRange     '1.2.1',
277 silly addNameRange     '1.2.2',
277 silly addNameRange     '1.2.3' ] ]
278 silly addNamed canvas@1.2.3
279 verbose addNamed "1.2.3" is a plain semver version for canvas
280 silly cache afterAdd canvas@1.2.3
281 verbose afterAdd C:\Users\MES\AppData\Roaming\npm-cache\canvas\1.2.3\package\package.json not in flight; writing
282 verbose afterAdd C:\Users\MES\AppData\Roaming\npm-cache\canvas\1.2.3\package\package.json written
283 silly install resolved [ { name: 'canvas',
283 silly install resolved     description: 'Canvas graphics API backed by Cairo',
283 silly install resolved     version: '1.2.3',
283 silly install resolved     author: { name: 'TJ Holowaychuk', email: 'tj@learnboost.com' },
283 silly install resolved     contributors: [ [Object], [Object], [Object] ],
283 silly install resolved     keywords:
283 silly install resolved      [ 'canvas',
283 silly install resolved        'graphic',
283 silly install resolved        'graphics',
283 silly install resolved        'pixman',
283 silly install resolved        'cairo',
283 silly install resolved        'image',
283 silly install resolved        'images',
283 silly install resolved        'pdf' ],
283 silly install resolved     homepage: 'https://github.com/learnboost/node-canvas',
283 silly install resolved     repository:
283 silly install resolved      { type: 'git',
283 silly install resolved        url: 'git://github.com/learnboost/node-canvas.git' },
283 silly install resolved     scripts: { test: 'make test', install: 'node-gyp rebuild' },
283 silly install resolved     dependencies: { nan: '^1.8.4' },
283 silly install resolved     devDependencies: { express: '3.0', jade: '0.28.1', mocha: '*', should: '*' },
283 silly install resolved     engines: { node: '>= 0.6.0' },
283 silly install resolved     main: './lib/canvas.js',
283 silly install resolved     license: 'MIT',
283 silly install resolved     gypfile: true,
283 silly install resolved     gitHead: 'a7c9c0ddb556d8a5c5f683e9f41075ad9cda94e8',
283 silly install resolved     bugs: { url: 'https://github.com/learnboost/node-canvas/issues' },
283 silly install resolved     _id: 'canvas@1.2.3',
283 silly install resolved     _shasum: 'bf4124cc360854a67486211120106cdd69744a58',
283 silly install resolved     _from: 'canvas@>=1.0.0 <2.0.0',
283 silly install resolved     _npmVersion: '2.9.1',
283 silly install resolved     _nodeVersion: '0.12.3',
283 silly install resolved     _npmUser: { name: 'tootallnate', email: 'nathan@tootallnate.net' },
283 silly install resolved     maintainers: [ [Object], [Object], [Object], [Object], [Object] ],
283 silly install resolved     dist:
283 silly install resolved      { shasum: 'bf4124cc360854a67486211120106cdd69744a58',
283 silly install resolved        tarball: 'http://registry.npmjs.org/canvas/-/canvas-1.2.3.tgz' },
283 silly install resolved     directories: {},
283 silly install resolved     _resolved: 'https://registry.npmjs.org/canvas/-/canvas-1.2.3.tgz',
283 silly install resolved     readme: 'ERROR: No README data found!' } ]
284 info install canvas@1.2.3 into c:\Users\MES\gitprojects\Fishies\node_modules\node-easel
285 info installOne canvas@1.2.3
286 verbose installOne of canvas to c:\Users\MES\gitprojects\Fishies\node_modules\node-easel not in flight; installing
287 verbose lock using C:\Users\MES\AppData\Roaming\npm-cache\_locks\canvas-af9de9c5e04ebcac.lock for c:\Users\MES\gitprojects\Fishies\node_modules\node-easel\node_modules\canvas
288 silly install write writing canvas 1.2.3 to c:\Users\MES\gitprojects\Fishies\node_modules\node-easel\node_modules\canvas
289 verbose unbuild node_modules\node-easel\node_modules\canvas
290 silly gentlyRm c:\Users\MES\gitprojects\Fishies\node_modules\node-easel\node_modules\canvas is being purged from base c:\Users\MES\gitprojects\Fishies
291 verbose gentlyRm don't care about contents; nuking c:\Users\MES\gitprojects\Fishies\node_modules\node-easel\node_modules\canvas
292 verbose tar unpack C:\Users\MES\AppData\Roaming\npm-cache\canvas\1.2.3\package.tgz
293 verbose tar unpacking to c:\Users\MES\gitprojects\Fishies\node_modules\node-easel\node_modules\canvas
294 silly gentlyRm c:\Users\MES\gitprojects\Fishies\node_modules\node-easel\node_modules\canvas is being purged
295 verbose gentlyRm don't care about contents; nuking c:\Users\MES\gitprojects\Fishies\node_modules\node-easel\node_modules\canvas
296 silly gunzTarPerm modes [ '777', '666' ]
297 silly gunzTarPerm extractEntry package.json
298 silly gunzTarPerm modified mode [ 'package.json', 420, 438 ]
299 silly gunzTarPerm extractEntry .npmignore
300 silly gunzTarPerm modified mode [ '.npmignore', 420, 438 ]
301 silly gunzTarPerm extractEntry index.js
302 silly gunzTarPerm modified mode [ 'index.js', 420, 438 ]
303 silly gunzTarPerm extractEntry History.md
304 silly gunzTarPerm modified mode [ 'History.md', 420, 438 ]
305 silly gunzTarPerm extractEntry Makefile
306 silly gunzTarPerm modified mode [ 'Makefile', 420, 438 ]
307 silly gunzTarPerm extractEntry Readme.md
308 silly gunzTarPerm modified mode [ 'Readme.md', 420, 438 ]
309 silly gunzTarPerm extractEntry binding.gyp
310 silly gunzTarPerm modified mode [ 'binding.gyp', 493, 511 ]
311 silly gunzTarPerm extractEntry .gitmodules
312 silly gunzTarPerm modified mode [ '.gitmodules', 420, 438 ]
313 silly gunzTarPerm extractEntry install
314 silly gunzTarPerm modified mode [ 'install', 493, 511 ]
315 silly gunzTarPerm extractEntry lib/bindings.js
316 silly gunzTarPerm modified mode [ 'lib/bindings.js', 420, 438 ]
317 silly gunzTarPerm extractEntry lib/canvas.js
318 silly gunzTarPerm modified mode [ 'lib/canvas.js', 420, 438 ]
319 silly gunzTarPerm extractEntry lib/context2d.js
320 silly gunzTarPerm modified mode [ 'lib/context2d.js', 420, 438 ]
321 silly gunzTarPerm extractEntry lib/image.js
322 silly gunzTarPerm modified mode [ 'lib/image.js', 420, 438 ]
323 silly gunzTarPerm extractEntry lib/jpegstream.js
324 silly gunzTarPerm modified mode [ 'lib/jpegstream.js', 420, 438 ]
325 silly gunzTarPerm extractEntry lib/pixelarray.js
326 silly gunzTarPerm modified mode [ 'lib/pixelarray.js', 420, 438 ]
327 silly gunzTarPerm extractEntry lib/pngstream.js
328 silly gunzTarPerm modified mode [ 'lib/pngstream.js', 420, 438 ]
329 silly gunzTarPerm extractEntry .travis.yml
330 silly gunzTarPerm modified mode [ '.travis.yml', 420, 438 ]
331 silly gunzTarPerm extractEntry src/Image.h
332 silly gunzTarPerm modified mode [ 'src/Image.h', 420, 438 ]
333 silly gunzTarPerm extractEntry src/Canvas.cc
334 silly gunzTarPerm modified mode [ 'src/Canvas.cc', 420, 438 ]
335 silly gunzTarPerm extractEntry src/CanvasGradient.cc
336 silly gunzTarPerm modified mode [ 'src/CanvasGradient.cc', 420, 438 ]
337 silly gunzTarPerm extractEntry src/CanvasGradient.h
338 silly gunzTarPerm modified mode [ 'src/CanvasGradient.h', 420, 438 ]
339 silly gunzTarPerm extractEntry src/CanvasPattern.cc
340 silly gunzTarPerm modified mode [ 'src/CanvasPattern.cc', 420, 438 ]
341 silly gunzTarPerm extractEntry src/CanvasPattern.h
342 silly gunzTarPerm modified mode [ 'src/CanvasPattern.h', 420, 438 ]
343 silly gunzTarPerm extractEntry src/CanvasRenderingContext2d.cc
344 silly gunzTarPerm modified mode [ 'src/CanvasRenderingContext2d.cc', 493, 511 ]
345 silly gunzTarPerm extractEntry src/CanvasRenderingContext2d.h
346 silly gunzTarPerm modified mode [ 'src/CanvasRenderingContext2d.h', 420, 438 ]
347 silly gunzTarPerm extractEntry src/FontFace.cc
348 silly gunzTarPerm modified mode [ 'src/FontFace.cc', 493, 511 ]
349 silly gunzTarPerm extractEntry src/FontFace.h
350 silly gunzTarPerm modified mode [ 'src/FontFace.h', 420, 438 ]
351 silly gunzTarPerm extractEntry src/Image.cc
352 silly gunzTarPerm modified mode [ 'src/Image.cc', 420, 438 ]
353 silly gunzTarPerm extractEntry src/Canvas.h
354 silly gunzTarPerm modified mode [ 'src/Canvas.h', 420, 438 ]
355 silly gunzTarPerm extractEntry src/ImageData.cc
356 silly gunzTarPerm modified mode [ 'src/ImageData.cc', 420, 438 ]
357 silly gunzTarPerm extractEntry src/ImageData.h
358 silly gunzTarPerm modified mode [ 'src/ImageData.h', 420, 438 ]
359 silly gunzTarPerm extractEntry src/JPEGStream.h
360 silly gunzTarPerm modified mode [ 'src/JPEGStream.h', 420, 438 ]
361 silly gunzTarPerm extractEntry src/PNG.h
362 silly gunzTarPerm modified mode [ 'src/PNG.h', 420, 438 ]
363 silly gunzTarPerm extractEntry src/PixelArray.cc
364 silly gunzTarPerm modified mode [ 'src/PixelArray.cc', 420, 438 ]
365 silly gunzTarPerm extractEntry src/PixelArray.h
366 silly gunzTarPerm modified mode [ 'src/PixelArray.h', 420, 438 ]
367 silly gunzTarPerm extractEntry src/Point.h
368 silly gunzTarPerm modified mode [ 'src/Point.h', 420, 438 ]
369 silly gunzTarPerm extractEntry src/closure.h
370 silly gunzTarPerm modified mode [ 'src/closure.h', 420, 438 ]
371 silly gunzTarPerm extractEntry src/color.cc
372 silly gunzTarPerm modified mode [ 'src/color.cc', 420, 438 ]
373 silly gunzTarPerm extractEntry src/color.h
374 silly gunzTarPerm modified mode [ 'src/color.h', 420, 438 ]
375 silly gunzTarPerm extractEntry src/init.cc
376 silly gunzTarPerm modified mode [ 'src/init.cc', 493, 511 ]
377 silly gunzTarPerm extractEntry util/cairo_include.sh
378 silly gunzTarPerm modified mode [ 'util/cairo_include.sh', 493, 511 ]
379 silly gunzTarPerm extractEntry util/has_cairo_freetype.sh
380 silly gunzTarPerm modified mode [ 'util/has_cairo_freetype.sh', 493, 511 ]
381 silly gunzTarPerm extractEntry util/has_lib.sh
382 silly gunzTarPerm modified mode [ 'util/has_lib.sh', 493, 511 ]
383 silly gunzTarPerm extractEntry util/lib_lookup.sh
384 silly gunzTarPerm modified mode [ 'util/lib_lookup.sh', 493, 511 ]
385 verbose write writing to c:\Users\MES\gitprojects\Fishies\node_modules\node-easel\node_modules\canvas\package.json
386 info preinstall canvas@1.2.3
387 verbose readDependencies loading dependencies from c:\Users\MES\gitprojects\Fishies\node_modules\node-easel\node_modules\canvas\package.json
388 silly prepareForInstallMany adding nan@^1.8.4 from canvas dependencies
389 verbose readDependencies loading dependencies from c:\Users\MES\gitprojects\Fishies\node_modules\node-easel\node_modules\canvas\package.json
390 silly cache add args [ 'nan@^1.8.4', null ]
391 verbose cache add spec nan@^1.8.4
392 silly cache add parsed spec { raw: 'nan@^1.8.4',
392 silly cache add   scope: null,
392 silly cache add   name: 'nan',
392 silly cache add   rawSpec: '^1.8.4',
392 silly cache add   spec: '>=1.8.4 <2.0.0',
392 silly cache add   type: 'range' }
393 silly addNamed nan@>=1.8.4 <2.0.0
394 verbose addNamed ">=1.8.4 <2.0.0" is a valid semver range for nan
395 silly addNameRange { name: 'nan', range: '>=1.8.4 <2.0.0', hasData: false }
396 silly mapToRegistry name nan
397 silly mapToRegistry using default registry
398 silly mapToRegistry registry https://registry.npmjs.org/
399 silly mapToRegistry uri https://registry.npmjs.org/nan
400 verbose addNameRange registry:https://registry.npmjs.org/nan not in flight; fetching
401 verbose request uri https://registry.npmjs.org/nan
402 verbose request no auth needed
403 info attempt registry request try #1 at 1:23:34 PM
404 verbose etag "CWMZR9BQ6YD6KL99MGG0CU5U5"
405 http request GET https://registry.npmjs.org/nan
406 http 304 https://registry.npmjs.org/nan
407 silly get cb [ 304,
407 silly get   { date: 'Tue, 30 Jun 2015 20:23:36 GMT',
407 silly get     via: '1.1 varnish',
407 silly get     'cache-control': 'max-age=60',
407 silly get     etag: '"CWMZR9BQ6YD6KL99MGG0CU5U5"',
407 silly get     age: '57',
407 silly get     connection: 'keep-alive',
407 silly get     'x-served-by': 'cache-sjc3127-SJC',
407 silly get     'x-cache': 'HIT',
407 silly get     'x-cache-hits': '1',
407 silly get     'x-timer': 'S1435695816.927216,VS0,VE1',
407 silly get     vary: 'Accept' } ]
408 verbose etag https://registry.npmjs.org/nan from cache
409 verbose get saving nan to C:\Users\MES\AppData\Roaming\npm-cache\registry.npmjs.org\nan\.cache.json
410 silly addNameRange number 2 { name: 'nan', range: '>=1.8.4 <2.0.0', hasData: true }
411 silly addNameRange versions [ 'nan',
411 silly addNameRange   [ '0.3.0-wip',
411 silly addNameRange     '0.3.0-wip2',
411 silly addNameRange     '0.3.0',
411 silly addNameRange     '0.3.1',
411 silly addNameRange     '0.3.2',
411 silly addNameRange     '0.4.0',
411 silly addNameRange     '0.4.1',
411 silly addNameRange     '0.4.2',
411 silly addNameRange     '0.4.3',
411 silly addNameRange     '0.4.4',
411 silly addNameRange     '0.5.0',
411 silly addNameRange     '0.5.1',
411 silly addNameRange     '0.5.2',
411 silly addNameRange     '0.6.0',
411 silly addNameRange     '0.7.0',
411 silly addNameRange     '0.7.1',
411 silly addNameRange     '0.8.0',
411 silly addNameRange     '1.0.0',
411 silly addNameRange     '1.1.0',
411 silly addNameRange     '1.1.1',
411 silly addNameRange     '1.1.2',
411 silly addNameRange     '1.2.0',
411 silly addNameRange     '1.3.0',
411 silly addNameRange     '1.4.0',
411 silly addNameRange     '1.4.1',
411 silly addNameRange     '1.5.0',
411 silly addNameRange     '1.4.2',
411 silly addNameRange     '1.4.3',
411 silly addNameRange     '1.5.1',
411 silly addNameRange     '1.5.2',
411 silly addNameRange     '1.6.0',
411 silly addNameRange     '1.5.3',
411 silly addNameRange     '1.6.1',
411 silly addNameRange     '1.6.2',
411 silly addNameRange     '1.7.0',
411 silly addNameRange     '1.8.0',
411 silly addNameRange     '1.8.1',
411 silly addNameRange     '1.8.2',
411 silly addNameRange     '1.8.3',
411 silly addNameRange     '1.8.4' ] ]
412 silly addNamed nan@1.8.4
413 verbose addNamed "1.8.4" is a plain semver version for nan
414 silly cache afterAdd nan@1.8.4
415 verbose afterAdd C:\Users\MES\AppData\Roaming\npm-cache\nan\1.8.4\package\package.json not in flight; writing
416 verbose afterAdd C:\Users\MES\AppData\Roaming\npm-cache\nan\1.8.4\package\package.json written
417 silly install resolved [ { name: 'nan',
417 silly install resolved     version: '1.8.4',
417 silly install resolved     description: 'Native Abstractions for Node.js: C++ header for Node 0.8->0.12 compatibility',
417 silly install resolved     main: 'include_dirs.js',
417 silly install resolved     repository: { type: 'git', url: 'git://github.com/iojs/nan.git' },
417 silly install resolved     scripts:
417 silly install resolved      { test: 'tap --gc test/js/*-test.js',
417 silly install resolved        'rebuild-tests': 'pangyp rebuild --directory test' },
417 silly install resolved     contributors:
417 silly install resolved      [ [Object],
417 silly install resolved        [Object],
417 silly install resolved        [Object],
417 silly install resolved        [Object],
417 silly install resolved        [Object],
417 silly install resolved        [Object],
417 silly install resolved        [Object] ],
417 silly install resolved     devDependencies:
417 silly install resolved      { bindings: '~1.2.1',
417 silly install resolved        'node-gyp': '~1.0.2',
417 silly install resolved        pangyp: '~2.0.1',
417 silly install resolved        tap: '~0.7.1',
417 silly install resolved        xtend: '~4.0.0' },
417 silly install resolved     license: 'MIT',
417 silly install resolved     gitHead: 'ed3bbf4ced0cf7937b4e4164766797f71aa97f3d',
417 silly install resolved     bugs: { url: 'https://github.com/iojs/nan/issues' },
417 silly install resolved     homepage: 'https://github.com/iojs/nan#readme',
417 silly install resolved     _id: 'nan@1.8.4',
417 silly install resolved     _shasum: '3c76b5382eab33e44b758d2813ca9d92e9342f34',
417 silly install resolved     _from: 'nan@>=1.8.4 <2.0.0',
417 silly install resolved     _npmVersion: '2.8.3',
417 silly install resolved     _nodeVersion: '0.12.2',
417 silly install resolved     _npmUser: { name: 'kkoopa', email: 'bbyholm@abo.fi' },
417 silly install resolved     maintainers: [ [Object], [Object] ],
417 silly install resolved     dist:
417 silly install resolved      { shasum: '3c76b5382eab33e44b758d2813ca9d92e9342f34',
417 silly install resolved        tarball: 'http://registry.npmjs.org/nan/-/nan-1.8.4.tgz' },
417 silly install resolved     directories: {},
417 silly install resolved     _resolved: 'https://registry.npmjs.org/nan/-/nan-1.8.4.tgz',
417 silly install resolved     readme: 'ERROR: No README data found!' } ]
418 info install nan@1.8.4 into c:\Users\MES\gitprojects\Fishies\node_modules\node-easel\node_modules\canvas
419 info installOne nan@1.8.4
420 verbose installOne of nan to c:\Users\MES\gitprojects\Fishies\node_modules\node-easel\node_modules\canvas not in flight; installing
421 verbose lock using C:\Users\MES\AppData\Roaming\npm-cache\_locks\nan-6c97e2028493b906.lock for c:\Users\MES\gitprojects\Fishies\node_modules\node-easel\node_modules\canvas\node_modules\nan
422 silly install write writing nan 1.8.4 to c:\Users\MES\gitprojects\Fishies\node_modules\node-easel\node_modules\canvas\node_modules\nan
423 verbose unbuild node_modules\node-easel\node_modules\canvas\node_modules\nan
424 silly gentlyRm c:\Users\MES\gitprojects\Fishies\node_modules\node-easel\node_modules\canvas\node_modules\nan is being purged from base c:\Users\MES\gitprojects\Fishies
425 verbose gentlyRm don't care about contents; nuking c:\Users\MES\gitprojects\Fishies\node_modules\node-easel\node_modules\canvas\node_modules\nan
426 verbose tar unpack C:\Users\MES\AppData\Roaming\npm-cache\nan\1.8.4\package.tgz
427 verbose tar unpacking to c:\Users\MES\gitprojects\Fishies\node_modules\node-easel\node_modules\canvas\node_modules\nan
428 silly gentlyRm c:\Users\MES\gitprojects\Fishies\node_modules\node-easel\node_modules\canvas\node_modules\nan is being purged
429 verbose gentlyRm don't care about contents; nuking c:\Users\MES\gitprojects\Fishies\node_modules\node-easel\node_modules\canvas\node_modules\nan
430 silly gunzTarPerm modes [ '777', '666' ]
431 silly gunzTarPerm extractEntry package.json
432 silly gunzTarPerm modified mode [ 'package.json', 436, 438 ]
433 silly gunzTarPerm extractEntry README.md
434 silly gunzTarPerm modified mode [ 'README.md', 436, 438 ]
435 silly gunzTarPerm extractEntry include_dirs.js
436 silly gunzTarPerm modified mode [ 'include_dirs.js', 436, 438 ]
437 silly gunzTarPerm extractEntry LICENSE.md
438 silly gunzTarPerm modified mode [ 'LICENSE.md', 436, 438 ]
439 silly gunzTarPerm extractEntry .dntrc
440 silly gunzTarPerm modified mode [ '.dntrc', 436, 438 ]
441 silly gunzTarPerm extractEntry appveyor.yml
442 silly gunzTarPerm modified mode [ 'appveyor.yml', 436, 438 ]
443 silly gunzTarPerm extractEntry nan.h
444 silly gunzTarPerm modified mode [ 'nan.h', 436, 438 ]
445 silly gunzTarPerm extractEntry nan_implementation_12_inl.h
446 silly gunzTarPerm modified mode [ 'nan_implementation_12_inl.h', 436, 438 ]
447 silly gunzTarPerm extractEntry nan_implementation_pre_12_inl.h
448 silly gunzTarPerm modified mode [ 'nan_implementation_pre_12_inl.h', 436, 438 ]
449 silly gunzTarPerm extractEntry nan_new.h
450 silly gunzTarPerm modified mode [ 'nan_new.h', 436, 438 ]
451 silly gunzTarPerm extractEntry nan_string_bytes.h
452 silly gunzTarPerm modified mode [ 'nan_string_bytes.h', 436, 438 ]
453 silly gunzTarPerm extractEntry CHANGELOG.md
454 silly gunzTarPerm modified mode [ 'CHANGELOG.md', 436, 438 ]
455 verbose write writing to c:\Users\MES\gitprojects\Fishies\node_modules\node-easel\node_modules\canvas\node_modules\nan\package.json
456 info preinstall nan@1.8.4
457 verbose readDependencies loading dependencies from c:\Users\MES\gitprojects\Fishies\node_modules\node-easel\node_modules\canvas\node_modules\nan\package.json
458 verbose readDependencies loading dependencies from c:\Users\MES\gitprojects\Fishies\node_modules\node-easel\node_modules\canvas\node_modules\nan\package.json
459 silly install resolved []
460 verbose about to build c:\Users\MES\gitprojects\Fishies\node_modules\node-easel\node_modules\canvas\node_modules\nan
461 info build c:\Users\MES\gitprojects\Fishies\node_modules\node-easel\node_modules\canvas\node_modules\nan
462 info linkStuff nan@1.8.4
463 silly linkStuff nan@1.8.4 has c:\Users\MES\gitprojects\Fishies\node_modules\node-easel\node_modules\canvas\node_modules as its parent node_modules
464 verbose linkBins nan@1.8.4
465 verbose linkMans nan@1.8.4
466 verbose rebuildBundles nan@1.8.4
467 info install nan@1.8.4
468 info postinstall nan@1.8.4
469 verbose unlock done using C:\Users\MES\AppData\Roaming\npm-cache\_locks\nan-6c97e2028493b906.lock for c:\Users\MES\gitprojects\Fishies\node_modules\node-easel\node_modules\canvas\node_modules\nan
470 verbose about to build c:\Users\MES\gitprojects\Fishies\node_modules\node-easel\node_modules\canvas
471 info build c:\Users\MES\gitprojects\Fishies\node_modules\node-easel\node_modules\canvas
472 info linkStuff canvas@1.2.3
473 silly linkStuff canvas@1.2.3 has c:\Users\MES\gitprojects\Fishies\node_modules\node-easel\node_modules as its parent node_modules
474 verbose linkBins canvas@1.2.3
475 verbose linkMans canvas@1.2.3
476 verbose rebuildBundles canvas@1.2.3
477 verbose rebuildBundles [ 'nan' ]
478 info install canvas@1.2.3
479 verbose unsafe-perm in lifecycle true
480 info canvas@1.2.3 Failed to exec install script
481 verbose unlock done using C:\Users\MES\AppData\Roaming\npm-cache\_locks\canvas-af9de9c5e04ebcac.lock for c:\Users\MES\gitprojects\Fishies\node_modules\node-easel\node_modules\canvas
482 verbose about to build c:\Users\MES\gitprojects\Fishies\node_modules\node-easel
483 verbose unlock done using C:\Users\MES\AppData\Roaming\npm-cache\_locks\node-easel-fa11b5e16c59b545.lock for c:\Users\MES\gitprojects\Fishies\node_modules\node-easel
484 verbose stack Error: canvas@1.2.3 install: `node-gyp rebuild`
484 verbose stack Exit status 1
484 verbose stack     at EventEmitter.<anonymous> (c:\Program Files\nodejs\node_modules\npm\lib\utils\lifecycle.js:213:16)
484 verbose stack     at EventEmitter.emit (events.js:110:17)
484 verbose stack     at ChildProcess.<anonymous> (c:\Program Files\nodejs\node_modules\npm\lib\utils\spawn.js:24:14)
484 verbose stack     at ChildProcess.emit (events.js:110:17)
484 verbose stack     at maybeClose (child_process.js:1015:16)
484 verbose stack     at Process.ChildProcess._handle.onexit (child_process.js:1087:5)
485 verbose pkgid canvas@1.2.3
486 verbose cwd c:\Users\MES\gitprojects\Fishies
487 error Windows_NT 6.1.7601
488 error argv "c:\\Program Files\\nodejs\\node.exe" "c:\\Program Files\\nodejs\\node_modules\\npm\\bin\\npm-cli.js" "install" "-S" "node-easel"
489 error node v0.12.5
490 error npm  v2.11.2
491 error code ELIFECYCLE
492 error canvas@1.2.3 install: `node-gyp rebuild`
492 error Exit status 1
493 error Failed at the canvas@1.2.3 install script 'node-gyp rebuild'.
493 error This is most likely a problem with the canvas package,
493 error not with npm itself.
493 error Tell the author that this fails on your system:
493 error     node-gyp rebuild
493 error You can get their info via:
493 error     npm owner ls canvas
493 error There is likely additional logging output above.
494 verbose exit [ 1, true ]
495 verbose unbuild node_modules\node-easel\node_modules\canvas
496 info preuninstall canvas@1.2.3
497 info uninstall canvas@1.2.3
498 verbose unbuild rmStuff canvas@1.2.3 from c:\Users\MES\gitprojects\Fishies\node_modules
499 verbose unbuild rmStuff in c:\Users\MES\gitprojects\Fishies\node_modules\node-easel\node_modules
500 info postuninstall canvas@1.2.3
501 silly gentlyRm c:\Users\MES\gitprojects\Fishies\node_modules\node-easel\node_modules\canvas is being purged from base c:\Users\MES\gitprojects\Fishies
502 verbose gentlyRm don't care about contents; nuking c:\Users\MES\gitprojects\Fishies\node_modules\node-easel\node_modules\canvas
503 silly vacuum-fs purging c:\Users\MES\gitprojects\Fishies\node_modules\node-easel\node_modules\canvas
504 silly vacuum-fs removing c:\Users\MES\gitprojects\Fishies\node_modules\node-easel\node_modules
505 silly vacuum-fs quitting because other entries in c:\Users\MES\gitprojects\Fishies\node_modules\node-easel
506 verbose unbuild node_modules\node-easel
507 info preuninstall node-easel@0.1.2
508 info uninstall node-easel@0.1.2
509 verbose unbuild rmStuff node-easel@0.1.2 from c:\Users\MES\gitprojects\Fishies\node_modules
510 info postuninstall node-easel@0.1.2
511 silly gentlyRm c:\Users\MES\gitprojects\Fishies\node_modules\node-easel is being purged from base c:\Users\MES\gitprojects\Fishies
512 verbose gentlyRm don't care about contents; nuking c:\Users\MES\gitprojects\Fishies\node_modules\node-easel
513 silly vacuum-fs purging c:\Users\MES\gitprojects\Fishies\node_modules\node-easel
514 silly vacuum-fs quitting because other entries in c:\Users\MES\gitprojects\Fishies\node_modules
